18:41:09 INFO: Hostile version 1.0.0. Using Bowtie2 (paired reads)
18:41:09 INFO: Found custom index /data/deploy/meta_new/Database/Host_Ref/hostile/human-t2t-hla.argos-bacteria-985_rs-viral-202401_ml-phage-202401
18:41:09 INFO: Cleaning…
18:43:13 INFO: Cleaning complete

null
application/gzip
Started analysis of raw.R1.fastq
Started analysis of Men-IGT.R1.fastq.gz
Approx 5% complete for raw.R1.fastq
Approx 5% complete for Men-IGT.R1.fastq.gz
Approx 10% complete for raw.R1.fastq
Approx 10% complete for Men-IGT.R1.fastq.gz
Approx 15% complete for raw.R1.fastq
Approx 15% complete for Men-IGT.R1.fastq.gz
Approx 20% complete for raw.R1.fastq
Approx 20% complete for Men-IGT.R1.fastq.gz
Approx 25% complete for raw.R1.fastq
Approx 30% complete for raw.R1.fastq
Approx 25% complete for Men-IGT.R1.fastq.gz
Approx 35% complete for raw.R1.fastq
Approx 30% complete for Men-IGT.R1.fastq.gz
Approx 40% complete for raw.R1.fastq
Approx 35% complete for Men-IGT.R1.fastq.gz
Approx 45% complete for raw.R1.fastq
Approx 40% complete for Men-IGT.R1.fastq.gz
Approx 50% complete for raw.R1.fastq
Approx 45% complete for Men-IGT.R1.fastq.gz
Approx 55% complete for raw.R1.fastq
Approx 50% complete for Men-IGT.R1.fastq.gz
Approx 60% complete for raw.R1.fastq
Approx 65% complete for raw.R1.fastq
Approx 55% complete for Men-IGT.R1.fastq.gz
Approx 70% complete for raw.R1.fastq
Approx 60% complete for Men-IGT.R1.fastq.gz
Approx 75% complete for raw.R1.fastq
Approx 65% complete for Men-IGT.R1.fastq.gz
Approx 80% complete for raw.R1.fastq
Approx 70% complete for Men-IGT.R1.fastq.gz
Approx 85% complete for raw.R1.fastq
Approx 75% complete for Men-IGT.R1.fastq.gz
Approx 90% complete for raw.R1.fastq
Approx 95% complete for raw.R1.fastq
Approx 80% complete for Men-IGT.R1.fastq.gz
Analysis complete for raw.R1.fastq
Approx 85% complete for Men-IGT.R1.fastq.gz
Approx 90% complete for Men-IGT.R1.fastq.gz
Approx 95% complete for Men-IGT.R1.fastq.gz
Analysis complete for Men-IGT.R1.fastq.gz
null
application/gzip
Started analysis of raw.R2.fastq
Started analysis of Men-IGT.R2.fastq.gz
Approx 5% complete for raw.R2.fastq
Approx 5% complete for Men-IGT.R2.fastq.gz
Approx 10% complete for raw.R2.fastq
Approx 10% complete for Men-IGT.R2.fastq.gz
Approx 15% complete for raw.R2.fastq
Approx 15% complete for Men-IGT.R2.fastq.gz
Approx 20% complete for raw.R2.fastq
Approx 20% complete for Men-IGT.R2.fastq.gz
Approx 25% complete for raw.R2.fastq
Approx 25% complete for Men-IGT.R2.fastq.gz
Approx 30% complete for raw.R2.fastq
Approx 30% complete for Men-IGT.R2.fastq.gz
Approx 35% complete for raw.R2.fastq
Approx 35% complete for Men-IGT.R2.fastq.gz
Approx 40% complete for raw.R2.fastq
Approx 40% complete for Men-IGT.R2.fastq.gz
Approx 45% complete for raw.R2.fastq
Approx 45% complete for Men-IGT.R2.fastq.gz
Approx 50% complete for raw.R2.fastq
Approx 55% complete for raw.R2.fastq
Approx 50% complete for Men-IGT.R2.fastq.gz
Approx 60% complete for raw.R2.fastq
Approx 55% complete for Men-IGT.R2.fastq.gz
Approx 65% complete for raw.R2.fastq
Approx 60% complete for Men-IGT.R2.fastq.gz
Approx 70% complete for raw.R2.fastq
Approx 65% complete for Men-IGT.R2.fastq.gz
Approx 75% complete for raw.R2.fastq
Approx 70% complete for Men-IGT.R2.fastq.gz
Approx 80% complete for raw.R2.fastq
Approx 75% complete for Men-IGT.R2.fastq.gz
Approx 85% complete for raw.R2.fastq
Approx 80% complete for Men-IGT.R2.fastq.gz
Approx 90% complete for raw.R2.fastq
Approx 85% complete for Men-IGT.R2.fastq.gz
Approx 95% complete for raw.R2.fastq
Approx 90% complete for Men-IGT.R2.fastq.gz
Analysis complete for raw.R2.fastq
Approx 95% complete for Men-IGT.R2.fastq.gz
Analysis complete for Men-IGT.R2.fastq.gz
Archive:  R1_qc/Men-IGT.R1_fastqc.zip
   creating: Men-IGT.R1_fastqc/
   creating: Men-IGT.R1_fastqc/Icons/
   creating: Men-IGT.R1_fastqc/Images/
  inflating: Men-IGT.R1_fastqc/Icons/fastqc_icon.png  
  inflating: Men-IGT.R1_fastqc/Icons/warning.png  
  inflating: Men-IGT.R1_fastqc/Icons/error.png  
  inflating: Men-IGT.R1_fastqc/Icons/tick.png  
  inflating: Men-IGT.R1_fastqc/summary.txt  
  inflating: Men-IGT.R1_fastqc/Images/per_base_quality.svg  
  inflating: Men-IGT.R1_fastqc/Images/per_base_quality.png  
  inflating: Men-IGT.R1_fastqc/Images/per_sequence_quality.svg  
  inflating: Men-IGT.R1_fastqc/Images/per_sequence_quality.png  
  inflating: Men-IGT.R1_fastqc/Images/per_base_sequence_content.svg  
  inflating: Men-IGT.R1_fastqc/Images/per_base_sequence_content.png  
  inflating: Men-IGT.R1_fastqc/Images/per_sequence_gc_content.svg  
  inflating: Men-IGT.R1_fastqc/Images/per_sequence_gc_content.png  
  inflating: Men-IGT.R1_fastqc/Images/per_base_n_content.svg  
  inflating: Men-IGT.R1_fastqc/Images/per_base_n_content.png  
  inflating: Men-IGT.R1_fastqc/Images/sequence_length_distribution.svg  
  inflating: Men-IGT.R1_fastqc/Images/sequence_length_distribution.png  
  inflating: Men-IGT.R1_fastqc/Images/duplication_levels.svg  
  inflating: Men-IGT.R1_fastqc/Images/duplication_levels.png  
  inflating: Men-IGT.R1_fastqc/Images/adapter_content.svg  
  inflating: Men-IGT.R1_fastqc/Images/adapter_content.png  
  inflating: Men-IGT.R1_fastqc/fastqc_report.html  
  inflating: Men-IGT.R1_fastqc/fastqc_data.txt  
  inflating: Men-IGT.R1_fastqc/fastqc.fo  

Archive:  R1_qc/raw.R1_fastqc.zip
   creating: raw.R1_fastqc/
   creating: raw.R1_fastqc/Icons/
   creating: raw.R1_fastqc/Images/
  inflating: raw.R1_fastqc/Icons/fastqc_icon.png  
  inflating: raw.R1_fastqc/Icons/warning.png  
  inflating: raw.R1_fastqc/Icons/error.png  
  inflating: raw.R1_fastqc/Icons/tick.png  
  inflating: raw.R1_fastqc/summary.txt  
  inflating: raw.R1_fastqc/Images/per_base_quality.svg  
  inflating: raw.R1_fastqc/Images/per_base_quality.png  
  inflating: raw.R1_fastqc/Images/per_sequence_quality.svg  
  inflating: raw.R1_fastqc/Images/per_sequence_quality.png  
  inflating: raw.R1_fastqc/Images/per_base_sequence_content.svg  
  inflating: raw.R1_fastqc/Images/per_base_sequence_content.png  
  inflating: raw.R1_fastqc/Images/per_sequence_gc_content.svg  
  inflating: raw.R1_fastqc/Images/per_sequence_gc_content.png  
  inflating: raw.R1_fastqc/Images/per_base_n_content.svg  
  inflating: raw.R1_fastqc/Images/per_base_n_content.png  
  inflating: raw.R1_fastqc/Images/sequence_length_distribution.svg  
  inflating: raw.R1_fastqc/Images/sequence_length_distribution.png  
  inflating: raw.R1_fastqc/Images/duplication_levels.svg  
  inflating: raw.R1_fastqc/Images/duplication_levels.png  
  inflating: raw.R1_fastqc/Images/adapter_content.svg  
  inflating: raw.R1_fastqc/Images/adapter_content.png  
  inflating: raw.R1_fastqc/fastqc_report.html  
  inflating: raw.R1_fastqc/fastqc_data.txt  
  inflating: raw.R1_fastqc/fastqc.fo  

2 archives were successfully processed.
Archive:  R2_qc/Men-IGT.R2_fastqc.zip
   creating: Men-IGT.R2_fastqc/
   creating: Men-IGT.R2_fastqc/Icons/
   creating: Men-IGT.R2_fastqc/Images/
  inflating: Men-IGT.R2_fastqc/Icons/fastqc_icon.png  
  inflating: Men-IGT.R2_fastqc/Icons/warning.png  
  inflating: Men-IGT.R2_fastqc/Icons/error.png  
  inflating: Men-IGT.R2_fastqc/Icons/tick.png  
  inflating: Men-IGT.R2_fastqc/summary.txt  
  inflating: Men-IGT.R2_fastqc/Images/per_base_quality.svg  
  inflating: Men-IGT.R2_fastqc/Images/per_base_quality.png  
  inflating: Men-IGT.R2_fastqc/Images/per_sequence_quality.svg  
  inflating: Men-IGT.R2_fastqc/Images/per_sequence_quality.png  
  inflating: Men-IGT.R2_fastqc/Images/per_base_sequence_content.svg  
  inflating: Men-IGT.R2_fastqc/Images/per_base_sequence_content.png  
  inflating: Men-IGT.R2_fastqc/Images/per_sequence_gc_content.svg  
  inflating: Men-IGT.R2_fastqc/Images/per_sequence_gc_content.png  
  inflating: Men-IGT.R2_fastqc/Images/per_base_n_content.svg  
  inflating: Men-IGT.R2_fastqc/Images/per_base_n_content.png  
  inflating: Men-IGT.R2_fastqc/Images/sequence_length_distribution.svg  
  inflating: Men-IGT.R2_fastqc/Images/sequence_length_distribution.png  
  inflating: Men-IGT.R2_fastqc/Images/duplication_levels.svg  
  inflating: Men-IGT.R2_fastqc/Images/duplication_levels.png  
  inflating: Men-IGT.R2_fastqc/Images/adapter_content.svg  
  inflating: Men-IGT.R2_fastqc/Images/adapter_content.png  
  inflating: Men-IGT.R2_fastqc/fastqc_report.html  
  inflating: Men-IGT.R2_fastqc/fastqc_data.txt  
  inflating: Men-IGT.R2_fastqc/fastqc.fo  

Archive:  R2_qc/raw.R2_fastqc.zip
   creating: raw.R2_fastqc/
   creating: raw.R2_fastqc/Icons/
   creating: raw.R2_fastqc/Images/
  inflating: raw.R2_fastqc/Icons/fastqc_icon.png  
  inflating: raw.R2_fastqc/Icons/warning.png  
  inflating: raw.R2_fastqc/Icons/error.png  
  inflating: raw.R2_fastqc/Icons/tick.png  
  inflating: raw.R2_fastqc/summary.txt  
  inflating: raw.R2_fastqc/Images/per_base_quality.svg  
  inflating: raw.R2_fastqc/Images/per_base_quality.png  
  inflating: raw.R2_fastqc/Images/per_sequence_quality.svg  
  inflating: raw.R2_fastqc/Images/per_sequence_quality.png  
  inflating: raw.R2_fastqc/Images/per_base_sequence_content.svg  
  inflating: raw.R2_fastqc/Images/per_base_sequence_content.png  
  inflating: raw.R2_fastqc/Images/per_sequence_gc_content.svg  
  inflating: raw.R2_fastqc/Images/per_sequence_gc_content.png  
  inflating: raw.R2_fastqc/Images/per_base_n_content.svg  
  inflating: raw.R2_fastqc/Images/per_base_n_content.png  
  inflating: raw.R2_fastqc/Images/sequence_length_distribution.svg  
  inflating: raw.R2_fastqc/Images/sequence_length_distribution.png  
  inflating: raw.R2_fastqc/Images/duplication_levels.svg  
  inflating: raw.R2_fastqc/Images/duplication_levels.png  
  inflating: raw.R2_fastqc/Images/adapter_content.svg  
  inflating: raw.R2_fastqc/Images/adapter_content.png  
  inflating: raw.R2_fastqc/fastqc_report.html  
  inflating: raw.R2_fastqc/fastqc_data.txt  
  inflating: raw.R2_fastqc/fastqc.fo  

2 archives were successfully processed.
Read1 before filtering:
total reads: 10186471
total bases: 1506175189
Q20 bases: 1464786716(97.2521%)
Q30 bases: 1436392405(95.3669%)
Q40 bases: 594337582(39.4601%)

Read2 before filtering:
total reads: 10186471
total bases: 1506184414
Q20 bases: 1435660978(95.3177%)
Q30 bases: 1387033762(92.0892%)
Q40 bases: 471821068(31.3256%)

Read1 after filtering:
total reads: 10184955
total bases: 1505953600
Q20 bases: 1464587070(97.2531%)
Q30 bases: 1436201133(95.3682%)
Q40 bases: 594278638(39.4619%)

Read2 after filtering:
total reads: 10184955
total bases: 1505946666
Q20 bases: 1435443207(95.3183%)
Q30 bases: 1386827539(92.0901%)
Q40 bases: 471769476(31.3271%)

Filtering result:
reads passed filter: 20369910
reads failed due to low quality: 0
reads failed due to too many N: 3032
reads failed due to too short: 0
reads with adapter trimmed: 366
bases trimmed due to adapters: 16210

Duplication rate: 44.2655%

Insert size peak (evaluated by paired-end reads): 235

JSON report: Men-IGT.final.json
HTML report: fastp.html

fastp -i Men-IGT.R1.fastq.gz -I Men-IGT.R2.fastq.gz -o tt.1.fq -O tt.2.fq -w 20 --json Men-IGT.final.json 
fastp v1.0.1, time used: 19 seconds
