Loading database information... done.
0 sequences (0.00 Mbp) processed in 0.002s (0.0 Kseq/m, 0.00 Mbp/m).
  0 sequences classified (-nan%)
  0 sequences unclassified (-nan%)
 >> Checking for Valid Options...
 >> Running Bracken 
      >> python src/est_abundance.py -i Men-IGT.report.txt -o Men-IGT.bracken1.txt -k /home/dell/kraken2_custom_202101_24G/database100mers.kmer_distrib -l S -t 10
>> Checking report file: Men-IGT.report.txt
PROGRAM START TIME: 03-16-2026 10:47:08
Traceback (most recent call last):
  File "/home/dell/miniconda3/envs/TB_ONT/bin/src/est_abundance.py", line 554, in <module>
    main()
  File "/home/dell/miniconda3/envs/TB_ONT/bin/src/est_abundance.py", line 256, in main
    check_report_file(args.in_file) 
  File "/home/dell/miniconda3/envs/TB_ONT/bin/src/est_abundance.py", line 184, in check_report_file
    if first_line[0] == "C" or first_line[0] == "U":
IndexError: string index out of range
Loading database information... done.
20372942 sequences (3012.36 Mbp) processed in 64.403s (18980.2 Kseq/m, 2806.42 Mbp/m).
  20277688 sequences classified (99.53%)
  95254 sequences unclassified (0.47%)
 >> Checking for Valid Options...
 >> Running Bracken 
      >> python src/est_abundance.py -i Men-IGT_2.report.txt -o Men-IGT_2.bracken1.txt -k /home/dell/kraken2_custom_202101_24G/database100mers.kmer_distrib -l S -t 10
>> Checking report file: Men-IGT_2.report.txt
PROGRAM START TIME: 03-16-2026 10:48:28
BRACKEN SUMMARY (Kraken report: Men-IGT_2.report.txt)
    >>> Threshold: 10 
    >>> Number of species in sample: 1088 
	  >> Number of species with reads > threshold: 97 
	  >> Number of species with reads < threshold: 991 
    >>> Total reads in sample: 20372942
	  >> Total reads kept at species level (reads > threshold): 14625900
	  >> Total reads discarded (species reads < threshold): 1724
	  >> Reads distributed: 5648109
	  >> Reads not distributed (eg. no species above threshold): 1955
	  >> Unclassified reads: 95254
BRACKEN OUTPUT PRODUCED: Men-IGT_2.bracken1.txt
PROGRAM END TIME: 03-16-2026 10:48:28
  Bracken complete.
 >> Checking for Valid Options...
 >> Running Bracken 
      >> python src/est_abundance.py -i Men-IGT_2.report.txt -o Men-IGT_2_Sub.bracken1.txt -k /home/dell/kraken2_custom_202101_24G/database100mers.kmer_distrib -l S1 -t 10
>> Checking report file: Men-IGT_2.report.txt
PROGRAM START TIME: 03-16-2026 10:48:28
BRACKEN SUMMARY (Kraken report: Men-IGT_2.report.txt)
    >>> Threshold: 10 
    >>> Number of S1 in sample: 323 
	  >> Number of S1 with reads > threshold: 36 
	  >> Number of S1 with reads < threshold: 287 
    >>> Total reads in sample: 20372942
	  >> Total reads kept at S1 level (reads > threshold): 1550433
	  >> Total reads discarded (S1 reads < threshold): 502
	  >> Reads distributed: 18703737
	  >> Reads not distributed (eg. no S1 above threshold): 23016
	  >> Unclassified reads: 95254
BRACKEN OUTPUT PRODUCED: Men-IGT_2_Sub.bracken1.txt
PROGRAM END TIME: 03-16-2026 10:48:28
  Bracken complete.
