[19:24:02] This is prokka 1.14.6
[19:24:02] Written by Torsten Seemann <torsten.seemann@gmail.com>
[19:24:02] Homepage is https://github.com/tseemann/prokka
[19:24:02] Local time is Mon Mar 16 19:24:02 2026
[19:24:02] You are dell
[19:24:02] Operating system is linux
[19:24:02] You have BioPerl 1.7.8
[19:24:02] System has 80 cores.
[19:24:02] Will use maximum of 20 cores.
[19:24:02] Annotating as >>> Bacteria <<<
[19:24:02] Generating locus_tag from 'Men-IGT.final.fasta' contents.
[19:24:02] Setting --locustag LCEDHOCC from MD5 5ced18cc373038efccc2418e064bb5ab
[19:24:02] Creating new output folder: Men-IGT_prokka
[19:24:02] Running: mkdir -p Men\-IGT_prokka
[19:24:02] Using filename prefix: Men-IGT.XXX
[19:24:02] Setting HMMER_NCPU=1
[19:24:02] Writing log to: Men-IGT_prokka/Men-IGT.log
[19:24:02] Command: /home/dell/miniconda3/envs/TB_ONT/bin/prokka --force --outdir Men-IGT_prokka --prefix Men-IGT --addgenes --cpus 20 Men-IGT.final.fasta
[19:24:02] Appending to PATH: /home/dell/miniconda3/envs/TB_ONT/bin
[19:24:02] Looking for 'aragorn' - found /home/dell/miniconda3/envs/TB_ONT/bin/aragorn
[19:24:02] Determined aragorn version is 001002 from 'ARAGORN v1.2.41 Dean Laslett'
[19:24:02] Looking for 'barrnap' - found /home/dell/miniconda3/envs/TB_ONT/bin/barrnap
[19:24:02] Determined barrnap version is 000009 from 'barrnap 0.9'
[19:24:02] Looking for 'blastp' - found /home/dell/miniconda3/envs/TB_ONT/bin/blastp
[19:24:02] Determined blastp version is 002013 from 'blastp: 2.13.0+'
[19:24:02] Looking for 'cmpress' - found /home/dell/miniconda3/envs/TB_ONT/bin/cmpress
[19:24:02] Determined cmpress version is 001001 from '# INFERNAL 1.1.4 (Dec 2020)'
[19:24:02] Looking for 'cmscan' - found /home/dell/miniconda3/envs/TB_ONT/bin/cmscan
[19:24:02] Determined cmscan version is 001001 from '# INFERNAL 1.1.4 (Dec 2020)'
[19:24:02] Looking for 'egrep' - found /usr/bin/egrep
[19:24:02] Looking for 'find' - found /usr/bin/find
[19:24:02] Looking for 'grep' - found /usr/bin/grep
[19:24:02] Looking for 'hmmpress' - found /home/dell/miniconda3/envs/TB_ONT/bin/hmmpress
[19:24:02] Determined hmmpress version is 003003 from '# HMMER 3.3.2 (Nov 2020); http://hmmer.org/'
[19:24:02] Looking for 'hmmscan' - found /home/dell/miniconda3/envs/TB_ONT/bin/hmmscan
[19:24:02] Determined hmmscan version is 003003 from '# HMMER 3.3.2 (Nov 2020); http://hmmer.org/'
[19:24:02] Looking for 'java' - found /home/dell/miniconda3/envs/TB_ONT/bin/java
[19:24:02] Looking for 'makeblastdb' - found /home/dell/miniconda3/envs/TB_ONT/bin/makeblastdb
[19:24:02] Determined makeblastdb version is 002013 from 'makeblastdb: 2.13.0+'
[19:24:02] Looking for 'minced' - found /home/dell/miniconda3/envs/TB_ONT/bin/minced
[19:24:02] Determined minced version is 004002 from 'minced 0.4.2'
[19:24:02] Looking for 'parallel' - found /home/dell/miniconda3/envs/TB_ONT/bin/parallel
[19:24:02] Determined parallel version is 20220922 from 'GNU parallel 20220922'
[19:24:02] Looking for 'prodigal' - found /home/dell/miniconda3/envs/TB_ONT/bin/prodigal
[19:24:02] Determined prodigal version is 002006 from 'Prodigal V2.6.3: February, 2016'
[19:24:02] Looking for 'prokka-genbank_to_fasta_db' - found /home/dell/miniconda3/envs/TB_ONT/bin/prokka-genbank_to_fasta_db
[19:24:02] Looking for 'sed' - found /home/dell/miniconda3/envs/TB_ONT/bin/sed
[19:24:02] Looking for 'tbl2asn' - found /home/dell/miniconda3/envs/TB_ONT/bin/tbl2asn
[19:24:02] Determined tbl2asn version is 025007 from 'tbl2asn 25.7   arguments:'
[19:24:02] Using genetic code table 11.
[19:24:02] Loading and checking input file: Men-IGT.final.fasta
[19:24:02] Wrote 684 contigs totalling 1961175 bp.
[19:24:02] Predicting tRNAs and tmRNAs
[19:24:02] Running: aragorn -l -gc11  -w Men\-IGT_prokka\/Men\-IGT\.fna
[19:24:03] 1 tRNA-Thr c[14286,14361] 34 (cgt)
[19:24:03] 1 tRNA-Leu c[8228,8313] 35 (gag)
[19:24:03] 1 tRNA-Tyr [7029,7112] 35 (gta)
[19:24:03] 2 tRNA-Gly [7143,7216] 33 (tcc)
[19:24:03] 3 tRNA-Thr [7226,7300] 33 (ggt)
[19:24:03] 1 tRNA-Leu [7135,7219] 35 (caa)
[19:24:03] 1 tRNA-Phe [2529,2604] 34 (gaa)
[19:24:03] 1 tRNA-Arg c[1,77] 35 (acg)
[19:24:03] 1 tRNA-Met [2880,2956] 35 (cat)
[19:24:03] 2 tRNA-Ala [2964,3039] 34 (ggc)
[19:24:03] 1 tRNA-Ser c[2111,2203] 35 (gct)
[19:24:03] 1 tRNA-Pro c[516,592] 35 (cgg)
[19:24:03] 1 tRNA-Arg c[3894,3965] 34 (cct)
[19:24:03] 1 tRNA-Leu [3423,3509] 35 (cag)
[19:24:03] 2 tRNA-Leu [3545,3631] 35 (cag)
[19:24:03] 3 tRNA-Ser [3670,3760] 35 (gga)
[19:24:03] 1 tRNA-Trp [84,159] 34 (cca)
[19:24:03] 1 tRNA-Met c[2305,2381] 35 (cat)
[19:24:03] 1 tRNA-Thr [2825,2900] 34 (tgt)
[19:24:03] 2 tRNA-Thr [2935,3010] 34 (tgt)
[19:24:03] 1 tRNA-Val c[1795,1871] 35 (gac)
[19:24:03] 1 tRNA-Asn c[1,75] 34 (gtt)
[19:24:03] 1 tRNA-Arg [2160,2235] 34 (ccg)
[19:24:03] 1 tRNA-Ala c[2549,2624] 34 (tgc)
[19:24:03] 2 tRNA-Ile c[2630,2706] 35 (gat)
[19:24:03] 1 tRNA-Ser [2989,3079] 35 (tga)
[19:24:03] 2 tRNA-Ser [3157,3246] 35 (cga)
[19:24:03] 1 tRNA-Gln [2,77] 34 (ttg)
[19:24:03] 1 tmRNA [1036,1398] 91,123 ANDETYALAA*
[19:24:03] 1 tRNA-Gln c[1,76] 34 (ttg)
[19:24:03] 1 tRNA-Glu c[2250,2325] 35 (ttc)
[19:24:03] 1 tRNA-Gly c[2,77] 34 (gcc)
[19:24:03] 1 tRNA-Pro c[353,429] 35 (ggg)
[19:24:03] 1 tRNA-Lys c[597,672] 34 (ttt)
[19:24:03] 1 tRNA-Leu c[347,431] 35 (tag)
[19:24:03] 1 tRNA-Asn [1186,1260] 34 (gtt)
[19:24:03] 1 tRNA-Gly [1,76] 34 (gcc)
[19:24:03] 2 tRNA-Cys [102,175] 33 (gca)
[19:24:03] 3 tRNA-Leu [276,365] 35 (taa)
[19:24:03] 1 tRNA-Val c[2,77] 34 (tac)
[19:24:03] 2 tRNA-Asp c[117,193] 35 (gtc)
[19:24:03] 3 tRNA-Val c[226,301] 34 (tac)
[19:24:03] Found 42 tRNAs
[19:24:03] Predicting Ribosomal RNAs
[19:24:03] Running Barrnap with 20 threads
[19:24:04] 1 contig_170 4 23S ribosomal RNA (partial)
[19:24:04] 2 contig_170 2808 16S ribosomal RNA (partial)
[19:24:04] 3 contig_24 2 16S ribosomal RNA (partial)
[19:24:04] 4 contig_323 30 23S ribosomal RNA (partial)
[19:24:04] 5 contig_598 222 16S ribosomal RNA (partial)
[19:24:04] Found 5 rRNAs
[19:24:04] Skipping ncRNA search, enable with --rfam if desired.
[19:24:04] Total of 46 tRNA + rRNA features
[19:24:04] Searching for CRISPR repeats
[19:24:05] CRISPR1 contig_130 3116 with 10 spacers
[19:24:05] Found 1 CRISPRs
[19:24:05] Predicting coding sequences
[19:24:05] Contigs total 1961175 bp, so using single mode
[19:24:05] Running: prodigal -i Men\-IGT_prokka\/Men\-IGT\.fna -c -m -g 11 -p single -f sco -q
[19:24:07] Excluding CDS which overlaps existing RNA (tRNA) at contig_100:2750..2926 on - strand
[19:24:08] Found 2055 CDS
[19:24:08] Connecting features back to sequences
[19:24:08] Not using genus-specific database. Try --usegenus to enable it.
[19:24:08] Annotating CDS, please be patient.
[19:24:08] Will use 20 CPUs for similarity searching.
[19:24:08] There are still 2055 unannotated CDS left (started with 2055)
[19:24:08] Will use blast to search against /home/dell/miniconda3/envs/TB_ONT/db/kingdom/Bacteria/IS with 20 CPUs
[19:24:08] Running: cat Men\-IGT_prokka\/Men\-IGT\.IS\.tmp\.3154395\.faa | parallel --gnu --plain -j 20 --block 12360 --recstart '>' --pipe blastp -query - -db /home/dell/miniconda3/envs/TB_ONT/db/kingdom/Bacteria/IS -evalue 1e-30 -qcov_hsp_perc 90 -num_threads 1 -num_descriptions 1 -num_alignments 1 -seg no > Men\-IGT_prokka\/Men\-IGT\.IS\.tmp\.3154395\.blast 2> /dev/null
[19:24:11] Deleting unwanted file: Men-IGT_prokka/Men-IGT.IS.tmp.3154395.faa
[19:24:11] Deleting unwanted file: Men-IGT_prokka/Men-IGT.IS.tmp.3154395.blast
[19:24:12] There are still 2045 unannotated CDS left (started with 2055)
[19:24:12] Will use blast to search against /home/dell/miniconda3/envs/TB_ONT/db/kingdom/Bacteria/AMR with 20 CPUs
[19:24:12] Running: cat Men\-IGT_prokka\/Men\-IGT\.AMR\.tmp\.3154395\.faa | parallel --gnu --plain -j 20 --block 12302 --recstart '>' --pipe blastp -query - -db /home/dell/miniconda3/envs/TB_ONT/db/kingdom/Bacteria/AMR -evalue 1e-300 -qcov_hsp_perc 90 -num_threads 1 -num_descriptions 1 -num_alignments 1 -seg no > Men\-IGT_prokka\/Men\-IGT\.AMR\.tmp\.3154395\.blast 2> /dev/null
[19:24:14] Deleting unwanted file: Men-IGT_prokka/Men-IGT.AMR.tmp.3154395.faa
[19:24:14] Deleting unwanted file: Men-IGT_prokka/Men-IGT.AMR.tmp.3154395.blast
[19:24:15] There are still 2045 unannotated CDS left (started with 2055)
[19:24:15] Will use blast to search against /home/dell/miniconda3/envs/TB_ONT/db/kingdom/Bacteria/sprot with 20 CPUs
[19:24:15] Running: cat Men\-IGT_prokka\/Men\-IGT\.sprot\.tmp\.3154395\.faa | parallel --gnu --plain -j 20 --block 12302 --recstart '>' --pipe blastp -query - -db /home/dell/miniconda3/envs/TB_ONT/db/kingdom/Bacteria/sprot -evalue 1e-09 -qcov_hsp_perc 80 -num_threads 1 -num_descriptions 1 -num_alignments 1 -seg no > Men\-IGT_prokka\/Men\-IGT\.sprot\.tmp\.3154395\.blast 2> /dev/null
[19:24:24] Modify product: Uncharacterized protein HI_1552 => putative protein
[19:24:24] Modify product: Probable nicotinate-nucleotide pyrophosphorylase [carboxylating] => putative nicotinate-nucleotide pyrophosphorylase [carboxylating]
[19:24:24] Modify product: Probable phosphatase Rv3661 => putative phosphatase
[19:24:24] Modify product: Probable manganese efflux pump MntP => putative manganese efflux pump MntP
[19:24:24] Modify product: Uncharacterized protein HI_0291 => putative protein
[19:24:24] Modify product: UPF0339 protein NMB1088 => hypothetical protein
[19:24:24] Modify product: UPF0225 protein YchJ => hypothetical protein
[19:24:24] Modify product: Uncharacterized membrane protein NMB1645 => putative membrane protein
[19:24:24] Modify product: UPF0073 inner membrane protein YqfA => hypothetical protein
[19:24:24] Modify product: UPF0434 protein NMA0874 => hypothetical protein
[19:24:24] Modify product: RNA-binding protein HI_1333 => RNA-binding protein
[19:24:24] Modify product: Probable TonB-dependent receptor NMB0964 => putative TonB-dependent receptor
[19:24:24] Modify product: Probable transport protein HsrA => putative transport protein HsrA
[19:24:24] Modify product: Uncharacterized protein NMB1437 => putative protein
[19:24:24] Modify product: Putative O-methyltransferase MSMEG_5073/MSMEI_4947 => Putative O-methyltransferase/MSMEI_4947
[19:24:24] Modify product: TPR repeat-containing protein NMB0313 => TPR repeat-containing protein
[19:24:24] Modify product: UPF0250 protein YbeD => hypothetical protein
[19:24:24] Modify product: Uncharacterized protein Rv1488 => putative protein
[19:24:24] Modify product: Probable FKBP-type peptidyl-prolyl cis-trans isomerase FkpA => putative FKBP-type peptidyl-prolyl cis-trans isomerase FkpA
[19:24:24] Modify product: Probable BsuMI modification methylase subunit YdiO => putative BsuMI modification methylase subunit YdiO
[19:24:24] Modify product: Uncharacterized protein YcgM => putative protein YcgM
[19:24:24] Modify product: UPF0301 protein YqgE => hypothetical protein
[19:24:24] Modify product: Uncharacterized protein NMB1333 => putative protein
[19:24:24] Modify product: Uncharacterized protein NMB1327 => putative protein
[19:24:24] Modify product: Uncharacterized HTH-type transcriptional regulator HI_0186 => putative HTH-type transcriptional regulator
[19:24:25] Modify product: Probable lipid II flippase MurJ => putative lipid II flippase MurJ
[19:24:25] Modify product: Probable glycerol-3-phosphate acyltransferase => putative glycerol-3-phosphate acyltransferase
[19:24:25] Modify product: Co-chaperone protein HscB homolog => Co-chaperone protein HscB 
[19:24:25] Modify product: Uncharacterized RNA pseudouridine synthase Rv1540 => putative RNA pseudouridine synthase
[19:24:25] Modify product: Probable Fe(2+)-trafficking protein => putative Fe(2+)-trafficking protein
[19:24:25] Modify product: Uncharacterized periplasmic iron-binding protein HI_0362 => putative periplasmic iron-binding protein
[19:24:25] Modify product: Efem/EfeO family lipoprotein NMB0035 => Efem/EfeO family lipoprotein
[19:24:25] Modify product: Uncharacterized protein YfgD => putative protein YfgD
[19:24:25] Modify product: Segregation and condensation protein B homolog => Segregation and condensation protein B 
[19:24:25] Modify product: Uncharacterized protein YqeY => putative protein YqeY
[19:24:25] Modify product: Probable UbiX-like flavin prenyltransferase => putative UbiX-like flavin prenyltransferase
[19:24:25] Modify product: Uncharacterized protein YciO => putative protein YciO
[19:24:25] Modify product: RutC family protein HI_0719 => RutC family protein
[19:24:25] Modify product: Uncharacterized protein HI_1457 => putative protein
[19:24:25] Modify product: Probable peptidoglycan glycosyltransferase FtsW => putative peptidoglycan glycosyltransferase FtsW
[19:24:25] Modify product: Putative outer membrane protein NMB0088 => Putative outer membrane protein
[19:24:25] Modify product: Probable type I restriction enzyme BthVORF4518P M protein => putative type I restriction enzymeP M protein
[19:24:25] Modify product: UPF0070 protein HI_0370 => hypothetical protein
[19:24:25] Modify product: UPF0758 protein YsxA => hypothetical protein
[19:24:25] Modify product: UPF0307 protein YjgA => hypothetical protein
[19:24:25] Modify product: Probable S-adenosyl-L-methionine-dependent methyltransferase TehB => putative S-adenosyl-L-methionine-dependent methyltransferase TehB
[19:24:25] Modify product: Uncharacterized protein HI_0461 => putative protein
[19:24:25] Modify product: Uncharacterized acyl-CoA thioester hydrolase HI_0827 => putative acyl-CoA thioester hydrolase
[19:24:25] Modify product: Probable peptidoglycan D,D-transpeptidase PenA => putative peptidoglycan D,D-transpeptidase PenA
[19:24:25] Modify product: UPF0276 protein CCNA_03364 => hypothetical protein
[19:24:25] Modify product: Uncharacterized periplasmic iron-binding protein HI_0362 => putative periplasmic iron-binding protein
[19:24:25] Modify product: UPF0102 protein RPA0323 => hypothetical protein
[19:24:25] Modify product: GTP cyclohydrolase 1 type 2 homolog => GTP cyclohydrolase 1 type 2 
[19:24:25] Modify product: Uncharacterized protein HI_0828 => putative protein
[19:24:25] Modify product: Probable parvulin-type peptidyl-prolyl cis-trans isomerase => putative parvulin-type peptidyl-prolyl cis-trans isomerase
[19:24:25] Modify product: Probable copper-importing P-type ATPase A => putative copper-importing P-type ATPase A
[19:24:25] Modify product: UPF0701 protein YicC => hypothetical protein
[19:24:25] Modify product: Probable ABC transporter binding protein NosD => putative ABC transporter binding protein NosD
[19:24:25] Modify product: Probable ABC transporter binding protein NosD => putative ABC transporter binding protein NosD
[19:24:25] Modify product: Probable peptidoglycan D,D-transpeptidase PenA => putative peptidoglycan D,D-transpeptidase PenA
[19:24:25] Modify product: Uncharacterized ABC transporter ATP-binding protein YbiT => putative ABC transporter ATP-binding protein YbiT
[19:24:25] Modify product: Probable ABC transporter binding protein NosD => putative ABC transporter binding protein NosD
[19:24:25] Modify product: Probable ABC transporter ATP-binding protein NosF => putative ABC transporter ATP-binding protein NosF
[19:24:25] Modify product: UPF0307 protein YjgA => hypothetical protein
[19:24:25] Modify product: UPF0213 protein EF_2693 => hypothetical protein
[19:24:25] Modify product: Putative lipoprotein NMB1124/NMB1162 => Putative lipoprotein/NMB1162
[19:24:25] Modify product: UPF0210 protein SP_0239 => hypothetical protein
[19:24:25] Modify product: Uncharacterized protein YwqG => putative protein YwqG
[19:24:25] Modify product: Putative multidrug export ATP-binding/permease protein SAV1866 => Putative multidrug export ATP-binding/permease protein
[19:24:25] Modify product: UPF0210 protein SP_0239 => hypothetical protein
[19:24:25] Modify product: Uncharacterized metal-dependent hydrolase YjjV => putative metal-dependent hydrolase YjjV
[19:24:25] Modify product: Probable malate:quinone oxidoreductase => putative malate:quinone oxidoreductase
[19:24:25] Modify product: UPF0053 inner membrane protein YoaE => hypothetical protein
[19:24:25] Modify product: Probable thiol:disulfide interchange protein DsbC => putative thiol:disulfide interchange protein DsbC
[19:24:25] Modify product: Uncharacterized metal-dependent hydrolase YcfH => putative metal-dependent hydrolase YcfH
[19:24:25] Cleaned 75 /product names
[19:24:25] Deleting unwanted file: Men-IGT_prokka/Men-IGT.sprot.tmp.3154395.faa
[19:24:25] Deleting unwanted file: Men-IGT_prokka/Men-IGT.sprot.tmp.3154395.blast
[19:24:26] There are still 1115 unannotated CDS left (started with 2055)
[19:24:26] Will use hmmer3 to search against /home/dell/miniconda3/envs/TB_ONT/db/hmm/HAMAP.hmm with 20 CPUs
[19:24:26] Running: cat Men\-IGT_prokka\/Men\-IGT\.HAMAP\.hmm\.tmp\.3154395\.faa | parallel --gnu --plain -j 20 --block 5325 --recstart '>' --pipe hmmscan --noali --notextw --acc -E 1e-09 --cpu 1 /home/dell/miniconda3/envs/TB_ONT/db/hmm/HAMAP.hmm /dev/stdin > Men\-IGT_prokka\/Men\-IGT\.HAMAP\.hmm\.tmp\.3154395\.hmmer3 2> /dev/null
[19:24:30] Deleting unwanted file: Men-IGT_prokka/Men-IGT.HAMAP.hmm.tmp.3154395.faa
[19:24:30] Deleting unwanted file: Men-IGT_prokka/Men-IGT.HAMAP.hmm.tmp.3154395.hmmer3
[19:24:30] Labelling remaining 1042 proteins as 'hypothetical protein'
[19:24:30] Possible /pseudo 'Bacterioferritin' at contig_125 position 1598
[19:24:30] Possible /pseudo 'Type I restriction enzyme EcoR124II R protein' at contig_126 position 2430
[19:24:30] Possible /pseudo 'CRISPR-associated endonuclease Cas1' at contig_130 position 2344
[19:24:30] Possible /pseudo 'Leucine-responsive regulatory protein' at contig_294 position 839
[19:24:30] Possible /pseudo 'IS5 family transposase ISNemu1B' at contig_361 position 426
[19:24:30] Possible /pseudo 'Fimbrial protein' at contig_399 position 637
[19:24:30] Possible /pseudo 'putative ABC transporter binding protein NosD' at contig_431 position 831
[19:24:30] Possible /pseudo 'K(+)/H(+) antiporter NhaP2' at contig_508 position 463
[19:24:30] Found 851 unique /gene codes.
[19:24:30] Fixed 3 duplicate /gene - pilE_1 pilE_2 pilE_3
[19:24:30] Fixed 2 duplicate /gene - yclP_1 yclP_2
[19:24:30] Fixed 2 duplicate /gene - yfiH_1 yfiH_2
[19:24:30] Fixed 2 duplicate /gene - ccsA_1 ccsA_2
[19:24:30] Fixed 2 duplicate /gene - gatB_1 gatB_2
[19:24:30] Fixed 2 duplicate /gene - glnB_1 glnB_2
[19:24:30] Fixed 2 duplicate /gene - penA_1 penA_2
[19:24:30] Fixed 2 duplicate /gene - pyrE_1 pyrE_2
[19:24:30] Fixed 2 duplicate /gene - mutL_1 mutL_2
[19:24:30] Fixed 2 duplicate /gene - mntC_1 mntC_2
[19:24:30] Fixed 2 duplicate /gene - smc_1 smc_2
[19:24:30] Fixed 2 duplicate /gene - metE_1 metE_2
[19:24:30] Fixed 2 duplicate /gene - rlmB_1 rlmB_2
[19:24:30] Fixed 2 duplicate /gene - ligA_1 ligA_2
[19:24:30] Fixed 2 duplicate /gene - argG_1 argG_2
[19:24:30] Fixed 2 duplicate /gene - trmB_1 trmB_2
[19:24:30] Fixed 2 duplicate /gene - purL_1 purL_2
[19:24:30] Fixed 3 duplicate /gene - piiC_1 piiC_2 piiC_3
[19:24:30] Fixed 2 duplicate /gene - ydeO_1 ydeO_2
[19:24:30] Fixed 2 duplicate /gene - pgi_1 pgi_2
[19:24:30] Fixed 2 duplicate /gene - avtA_1 avtA_2
[19:24:30] Fixed 2 duplicate /gene - hsdR_1 hsdR_2
[19:24:30] Fixed 2 duplicate /gene - ychF_1 ychF_2
[19:24:30] Fixed 2 duplicate /gene - fbp_1 fbp_2
[19:24:30] Fixed 2 duplicate /gene - hemE_1 hemE_2
[19:24:30] Fixed 2 duplicate /gene - rimI_1 rimI_2
[19:24:30] Fixed 2 duplicate /gene - folE2_1 folE2_2
[19:24:30] Fixed 2 duplicate /gene - alsT_1 alsT_2
[19:24:30] Fixed 2 duplicate /gene - luxS_1 luxS_2
[19:24:30] Fixed 2 duplicate /gene - copA_1 copA_2
[19:24:30] Fixed 2 duplicate /gene - resA_1 resA_2
[19:24:30] Fixed 2 duplicate /gene - speE_1 speE_2
[19:24:30] Fixed 2 duplicate /gene - yclN_1 yclN_2
[19:24:30] Fixed 2 duplicate /gene - glyQ_1 glyQ_2
[19:24:30] Fixed 2 duplicate /gene - tcyC_1 tcyC_2
[19:24:30] Fixed 2 duplicate /gene - rhlE_1 rhlE_2
[19:24:30] Fixed 2 duplicate /gene - priA_1 priA_2
[19:24:30] Fixed 2 duplicate /gene - mafA1_1 mafA1_2
[19:24:30] Fixed 2 duplicate /gene - glmU_1 glmU_2
[19:24:30] Fixed 2 duplicate /gene - yffB_1 yffB_2
[19:24:30] Fixed 2 duplicate /gene - rsmI_1 rsmI_2
[19:24:30] Fixed 2 duplicate /gene - ruvC_1 ruvC_2
[19:24:30] Fixed 2 duplicate /gene - fpr_1 fpr_2
[19:24:30] Fixed 2 duplicate /gene - glpE_1 glpE_2
[19:24:30] Fixed 2 duplicate /gene - lpxL_1 lpxL_2
[19:24:30] Fixed 4 duplicate /gene - gph_1 gph_2 gph_3 gph_4
[19:24:30] Fixed 2 duplicate /gene - algC_1 algC_2
[19:24:30] Fixed 2 duplicate /gene - bfr_1 bfr_2
[19:24:30] Fixed 2 duplicate /gene - fis_1 fis_2
[19:24:30] Fixed 2 duplicate /gene - ascD_1 ascD_2
[19:24:30] Fixed 2 duplicate /gene - tsaB_1 tsaB_2
[19:24:30] Fixed 2 duplicate /gene - dusB_1 dusB_2
[19:24:30] Fixed 2 duplicate /gene - leuB_1 leuB_2
[19:24:30] Fixed 2 duplicate /gene - mnmA_1 mnmA_2
[19:24:30] Fixed 2 duplicate /gene - yclO_1 yclO_2
[19:24:30] Fixed 2 duplicate /gene - infB_1 infB_2
[19:24:30] Fixed 2 duplicate /gene - davD_1 davD_2
[19:24:30] Fixed 2 duplicate /gene - lbpA_1 lbpA_2
[19:24:30] Fixed 2 duplicate /gene - rplS_1 rplS_2
[19:24:30] Fixed 2 duplicate /gene - lex1_1 lex1_2
[19:24:30] Fixed 2 duplicate /gene - fadD_1 fadD_2
[19:24:30] Fixed 3 duplicate /gene - yclQ_1 yclQ_2 yclQ_3
[19:24:30] Fixed 2 duplicate /gene - nhaP2_1 nhaP2_2
[19:24:30] Fixed 2 duplicate /gene - cvaA_1 cvaA_2
[19:24:30] Fixed 2 duplicate /gene - scaC_1 scaC_2
[19:24:30] Fixed 2 duplicate /gene - alaS_1 alaS_2
[19:24:30] Fixed 3 duplicate /gene - nosD_1 nosD_2 nosD_3
[19:24:30] Fixed 2 duplicate /gene - dut_1 dut_2
[19:24:30] Fixed 2 duplicate /gene - cas1_1 cas1_2
[19:24:30] Fixed 2 duplicate /gene - lrp_1 lrp_2
[19:24:30] Fixed 2 duplicate /gene - fabH_1 fabH_2
[19:24:30] Fixed 2 duplicate /gene - bacA_1 bacA_2
[19:24:30] Fixed 2 duplicate /gene - hap_1 hap_2
[19:24:30] Fixed 2 duplicate /gene - pdxH_1 pdxH_2
[19:24:30] Fixed 2 duplicate /gene - pncC_1 pncC_2
[19:24:30] Fixed 2 duplicate /gene - dapL_1 dapL_2
[19:24:30] Fixed 2 duplicate /gene - lptE_1 lptE_2
[19:24:30] Fixed 2 duplicate /gene - gap_1 gap_2
[19:24:30] Fixed 2 duplicate /gene - dsbA_1 dsbA_2
[19:24:30] Fixed 2 duplicate /gene - dnaJ_1 dnaJ_2
[19:24:30] Fixed 80 colliding /gene names.
[19:24:30] Adding /locus_tag identifiers
[19:24:30] Assigned 2102 locus_tags to CDS and RNA features.
[19:24:30] Writing outputs to Men-IGT_prokka/
[19:24:32] Generating annotation statistics file
[19:24:32] Generating Genbank and Sequin files
[19:24:32] Running: tbl2asn -V b -a r10k -l paired-ends -M n -N 1 -y 'Annotated using prokka 1.14.6 from https://github.com/tseemann/prokka' -Z Men\-IGT_prokka\/Men\-IGT\.err -i Men\-IGT_prokka\/Men\-IGT\.fsa 2> /dev/null
[19:24:37] Deleting unwanted file: Men-IGT_prokka/errorsummary.val
[19:24:37] Deleting unwanted file: Men-IGT_prokka/Men-IGT.dr
[19:24:37] Deleting unwanted file: Men-IGT_prokka/Men-IGT.fixedproducts
[19:24:37] Deleting unwanted file: Men-IGT_prokka/Men-IGT.ecn
[19:24:37] Deleting unwanted file: Men-IGT_prokka/Men-IGT.val
[19:24:37] Repairing broken .GBK output that tbl2asn produces...
[19:24:37] Running: sed 's/COORDINATES: profile/COORDINATES:profile/' < Men\-IGT_prokka\/Men\-IGT\.gbf > Men\-IGT_prokka\/Men\-IGT\.gbk
[19:24:37] Deleting unwanted file: Men-IGT_prokka/Men-IGT.gbf
[19:24:37] Output files:
[19:24:37] Men-IGT_prokka/Men-IGT.fsa
[19:24:37] Men-IGT_prokka/Men-IGT.tbl
[19:24:37] Men-IGT_prokka/Men-IGT.txt
[19:24:37] Men-IGT_prokka/Men-IGT.sqn
[19:24:37] Men-IGT_prokka/Men-IGT.ffn
[19:24:37] Men-IGT_prokka/Men-IGT.faa
[19:24:37] Men-IGT_prokka/Men-IGT.tsv
[19:24:37] Men-IGT_prokka/Men-IGT.fna
[19:24:37] Men-IGT_prokka/Men-IGT.gbk
[19:24:37] Men-IGT_prokka/Men-IGT.err
[19:24:37] Men-IGT_prokka/Men-IGT.gff
[19:24:37] Men-IGT_prokka/Men-IGT.log
[19:24:37] Annotation finished successfully.
[19:24:37] Walltime used: 0.58 minutes
[19:24:37] If you use this result please cite the Prokka paper:
[19:24:37] Seemann T (2014) Prokka: rapid prokaryotic genome annotation. Bioinformatics. 30(14):2068-9.
[19:24:37] Type 'prokka --citation' for more details.
[19:24:37] Share and enjoy!
